<?xml version="1.0" encoding="UTF-8"?>
<testng-results ignored="0" total="1" passed="1" failed="0" skipped="0">
  <reporter-output>
  </reporter-output>
  <suite started-at="2023-09-25T12:18:33 IST" name="Default suite" finished-at="2023-09-25T12:20:23 IST" duration-ms="109625">
    <groups>
    </groups>
    <test started-at="2023-09-25T12:18:33 IST" name="Default test" finished-at="2023-09-25T12:20:23 IST" duration-ms="109625">
      <class name="Testcases.Tc_BookHotel_001">
        <test-method is-config="true" signature="OpenApplication()[pri:0, instance:Testcases.Tc_BookHotel_001@503f91c3]" started-at="2023-09-25T12:18:33 IST" name="OpenApplication" finished-at="2023-09-25T12:18:35 IST" duration-ms="1998" status="PASS">
          <reporter-output>
          </reporter-output>
        </test-method> <!-- OpenApplication -->
        <test-method signature="SelectHotel()[pri:0, instance:Testcases.Tc_BookHotel_001@503f91c3]" started-at="2023-09-25T12:18:35 IST" name="SelectHotel" finished-at="2023-09-25T12:20:23 IST" duration-ms="107543" status="PASS">
          <reporter-output>
          </reporter-output>
        </test-method> <!-- SelectHotel -->
        <test-method is-config="true" signature="CloseApplication()[pri:0, instance:Testcases.Tc_BookHotel_001@503f91c3]" started-at="2023-09-25T12:20:23 IST" name="CloseApplication" finished-at="2023-09-25T12:20:23 IST" duration-ms="1" status="PASS">
          <reporter-output>
          </reporter-output>
        </test-method> <!-- CloseApplication -->
      </class> <!-- Testcases.Tc_BookHotel_001 -->
    </test> <!-- Default test -->
  </suite> <!-- Default suite -->
</testng-results>
